# JRE version: OpenJDK Runtime Environment Temurin-17.0.2+8 (17.0.2+8) (build 17.0.2+8)
# Java VM: OpenJDK 64-Bit Server VM Temurin-17.0.2+8 (17.0.2+8, mixed mode, emulated-client, tiered, compressed oops, compressed class ptrs, g1 gc, windows-amd64)
GC Precious Log:
 CPUs: 8 total, 8 available
 Memory: 7914M
 Large Page Support: Disabled
 NUMA Support: Disabled
 Compressed Oops: Enabled (32-bit)
 Heap Region Size: 1M
 Heap Min Capacity: 8M
 Heap Initial Capacity: 124M
 Heap Max Capacity: 1980M
 Pre-touch: Disabled
 Parallel Workers: 8
 Concurrent Workers: 2
 Concurrent Refinement Workers: 8
 Periodic GC: Disabled
Heap:
 garbage-first heap   total 73728K, used 30621K [0x0000000084400000, 0x0000000100000000)
  region size 1024K, 3 young (3072K), 3 survivors (3072K)
 Metaspace       used 64869K, committed 65280K, reserved 1105920K
  class space    used 8783K, committed 8960K, reserved 1048576K
GC Heap History (20 events):
Event: 5.847 GC heap after
{Heap after GC invocations=8 (full 0):
 garbage-first heap   total 61440K, used 16945K [0x0000000084400000, 0x0000000100000000)
  region size 1024K, 3 young (3072K), 3 survivors (3072K)
 Metaspace       used 31651K, committed 32000K, reserved 1081344K
  class space    used 3892K, committed 4032K, reserved 1048576K
}
Event: 6.424 GC heap before
{Heap before GC invocations=8 (full 0):
 garbage-first heap   total 61440K, used 42545K [0x0000000084400000, 0x0000000100000000)
  region size 1024K, 29 young (29696K), 3 survivors (3072K)
 Metaspace       used 35172K, committed 35520K, reserved 1081344K
  class space    used 4498K, committed 4672K, reserved 1048576K
}
Event: 6.430 GC heap after
{Heap after GC invocations=9 (full 0):
 garbage-first heap   total 61440K, used 18531K [0x0000000084400000, 0x0000000100000000)
  region size 1024K, 4 young (4096K), 4 survivors (4096K)
 Metaspace       used 35172K, committed 35520K, reserved 1081344K
  class space    used 4498K, committed 4672K, reserved 1048576K
}
Event: 6.557 GC heap before
{Heap before GC invocations=9 (full 0):
 garbage-first heap   total 61440K, used 26723K [0x0000000084400000, 0x0000000100000000)
  region size 1024K, 13 young (13312K), 4 survivors (4096K)
 Metaspace       used 35980K, committed 36288K, reserved 1081344K
  class space    used 4628K, committed 4736K, reserved 1048576K
}
Event: 6.564 GC heap after
{Heap after GC invocations=10 (full 0):
 garbage-first heap   total 61440K, used 19427K [0x0000000084400000, 0x0000000100000000)
  region size 1024K, 3 young (3072K), 3 survivors (3072K)
 Metaspace       used 35980K, committed 36288K, reserved 1081344K
  class space    used 4628K, committed 4736K, reserved 1048576K
}
Event: 6.907 GC heap before
{Heap before GC invocations=11 (full 0):
 garbage-first heap   total 61440K, used 46051K [0x0000000084400000, 0x0000000100000000)
  region size 1024K, 29 young (29696K), 3 survivors (3072K)
 Metaspace       used 39889K, committed 40192K, reserved 1089536K
  class space    used 5158K, committed 5312K, reserved 1048576K
}
Event: 6.914 GC heap after
{Heap after GC invocations=12 (full 0):
 garbage-first heap   total 61440K, used 21286K [0x0000000084400000, 0x0000000100000000)
  region size 1024K, 3 young (3072K), 3 survivors (3072K)
 Metaspace       used 39889K, committed 40192K, reserved 1089536K
  class space    used 5158K, committed 5312K, reserved 1048576K
}
Event: 7.142 GC heap before
{Heap before GC invocations=12 (full 0):
 garbage-first heap   total 61440K, used 46886K [0x0000000084400000, 0x0000000100000000)
  region size 1024K, 28 young (28672K), 3 survivors (3072K)
 Metaspace       used 41981K, committed 42304K, reserved 1089536K
  class space    used 5375K, committed 5504K, reserved 1048576K
}
Event: 7.149 GC heap after
{Heap after GC invocations=13 (full 0):
 garbage-first heap   total 73728K, used 24750K [0x0000000084400000, 0x0000000100000000)
  region size 1024K, 4 young (4096K), 4 survivors (4096K)
 Metaspace       used 41981K, committed 42304K, reserved 1089536K
  class space    used 5375K, committed 5504K, reserved 1048576K
}
Event: 7.376 GC heap before
{Heap before GC invocations=13 (full 0):
 garbage-first heap   total 73728K, used 56494K [0x0000000084400000, 0x0000000100000000)
  region size 1024K, 34 young (34816K), 4 survivors (4096K)
 Metaspace       used 43282K, committed 43648K, reserved 1089536K
  class space    used 5564K, committed 5760K, reserved 1048576K
}
Event: 7.384 GC heap after
{Heap after GC invocations=14 (full 0):
 garbage-first heap   total 73728K, used 24378K [0x0000000084400000, 0x0000000100000000)
  region size 1024K, 3 young (3072K), 3 survivors (3072K)
 Metaspace       used 43282K, committed 43648K, reserved 1089536K
  class space    used 5564K, committed 5760K, reserved 1048576K
}
Event: 7.700 GC heap before
{Heap before GC invocations=14 (full 0):
 garbage-first heap   total 73728K, used 56122K [0x0000000084400000, 0x0000000100000000)
  region size 1024K, 34 young (34816K), 3 survivors (3072K)
 Metaspace       used 46271K, committed 46592K, reserved 1089536K
  class space    used 6000K, committed 6144K, reserved 1048576K
}
Event: 7.703 GC heap after
{Heap after GC invocations=15 (full 0):
 garbage-first heap   total 73728K, used 25702K [0x0000000084400000, 0x0000000100000000)
  region size 1024K, 3 young (3072K), 3 survivors (3072K)
 Metaspace       used 46271K, committed 46592K, reserved 1089536K
  class space    used 6000K, committed 6144K, reserved 1048576K
}
Event: 8.321 GC heap before
{Heap before GC invocations=15 (full 0):
 garbage-first heap   total 73728K, used 57446K [0x0000000084400000, 0x0000000100000000)
  region size 1024K, 34 young (34816K), 3 survivors (3072K)
 Metaspace       used 56204K, committed 56512K, reserved 1097728K
  class space    used 7425K, committed 7552K, reserved 1048576K
}
Event: 8.324 GC heap after
{Heap after GC invocations=16 (full 0):
 garbage-first heap   total 73728K, used 28348K [0x0000000084400000, 0x0000000100000000)
  region size 1024K, 5 young (5120K), 5 survivors (5120K)
 Metaspace       used 56204K, committed 56512K, reserved 1097728K
  class space    used 7425K, committed 7552K, reserved 1048576K
}
Event: 8.619 GC heap before
{Heap before GC invocations=16 (full 0):
 garbage-first heap   total 73728K, used 55996K [0x0000000084400000, 0x0000000100000000)
  region size 1024K, 32 young (32768K), 5 survivors (5120K)
 Metaspace       used 59973K, committed 60288K, reserved 1105920K
  class space    used 7955K, committed 8128K, reserved 1048576K
}
Event: 8.622 GC heap after
{Heap after GC invocations=17 (full 0):
 garbage-first heap   total 73728K, used 29594K [0x0000000084400000, 0x0000000100000000)
  region size 1024K, 2 young (2048K), 2 survivors (2048K)
 Metaspace       used 59973K, committed 60288K, reserved 1105920K
  class space    used 7955K, committed 8128K, reserved 1048576K
}
Event: 8.643 GC heap before
{Heap before GC invocations=17 (full 0):
 garbage-first heap   total 73728K, used 30618K [0x0000000084400000, 0x0000000100000000)
  region size 1024K, 4 young (4096K), 2 survivors (2048K)
 Metaspace       used 60281K, committed 60608K, reserved 1105920K
  class space    used 7998K, committed 8192K, reserved 1048576K
}
Event: 8.644 GC heap after
{Heap after GC invocations=18 (full 0):
 garbage-first heap   total 73728K, used 29605K [0x0000000084400000, 0x0000000100000000)
  region size 1024K, 2 young (2048K), 2 survivors (2048K)
 Metaspace       used 60281K, committed 60608K, reserved 1105920K
  class space    used 7998K, committed 8192K, reserved 1048576K
}
Event: 9.001 GC heap before
{Heap before GC invocations=19 (full 0):
 garbage-first heap   total 73728K, used 56229K [0x0000000084400000, 0x0000000100000000)
  region size 1024K, 29 young (29696K), 2 survivors (2048K)
 Metaspace       used 64869K, committed 65280K, reserved 1105920K
  class space    used 8783K, committed 8960K, reserved 1048576K
}

